<?xml version="1.0" encoding="UTF-8"?>
<testsuite xmlns:xsi="http://www.w3.org/2001/XMLSchema-instance" xsi:noNamespaceSchemaLocation="https://maven.apache.org/surefire/maven-surefire-plugin/xsd/surefire-test-report-3.0.xsd" version="3.0" name="Test.Tests" time="0.072" tests="5" errors="0" skipped="0" failures="0">
  <properties>
[...]
</properties>
  <testcase name="testIsTicketCreated" classname="Test.Tests" time="0.034"/>
  <testcase name="testRegistConstraints" classname="Test.Tests" time="0.008"/>
  <testcase name="testRegister" classname="Test.Tests" time="0.006"/>
  <testcase name="testTicketConstraints" classname="Test.Tests" time="0.003"/>
  <testcase name="testHelloWorld" classname="Test.Tests" time="0.001"/>
</testsuite>